<?xml version="1.0" encoding="UTF-8"?>
<!-- Generated by org.testng.reporters.JUnitReportReporter -->
<testsuite hostname="Mrunal" failures="0" tests="1" name="com.bridgelabz.qa.Automation.Webdriver_Manager_Test" time="8.682" errors="0" timestamp="2023-02-06T18:17:28 IST" skipped="0">
  <testcase classname="com.bridgelabz.qa.Automation.Webdriver_Manager_Test" name="webDriverManager_Test" time="8.682"/>
  <system-out/>
</testsuite> <!-- com.bridgelabz.qa.Automation.Webdriver_Manager_Test -->
