<?xml version="1.0" encoding="UTF-8"?>
<!-- Generated by org.testng.reporters.JUnitReportReporter -->
<testsuite hostname="Mrunal" failures="0" tests="1" name="com.bridgelabz.qa.Automation.Webtable_Test" time="10.120" errors="0" timestamp="2023-02-16T11:14:56 IST" skipped="0">
  <testcase classname="com.bridgelabz.qa.Automation.Webtable_Test" name="sum_Of_Marks" time="10.120"/>
  <system-out/>
</testsuite> <!-- com.bridgelabz.qa.Automation.Webtable_Test -->
