<?xml version="1.0" encoding="UTF-8"?>
<!-- Generated by org.testng.reporters.JUnitReportReporter -->
<testsuite hostname="Mrunal" failures="0" tests="1" name="com.bridgelabz.qa.Automation.Action_Class_Test" time="16.775" errors="0" timestamp="2023-02-01T16:27:18 IST" skipped="0">
  <testcase classname="com.bridgelabz.qa.Automation.Action_Class_Test" name="launch_browser" time="16.775"/>
  <system-out/>
</testsuite> <!-- com.bridgelabz.qa.Automation.Action_Class_Test -->
