<?xml version="1.0" encoding="UTF-8"?>
<!-- Generated by org.testng.reporters.JUnitReportReporter -->
<testsuite hostname="Mrunal" failures="0" tests="1" name="com.bridgelabz.qa.Automation.File_Download_Popup" time="34.619" errors="0" timestamp="2023-02-08T00:59:21 IST" skipped="0">
  <testcase classname="com.bridgelabz.qa.Automation.File_Download_Popup" name="file_Download_using_firefox_Test" time="34.619"/>
  <system-out/>
</testsuite> <!-- com.bridgelabz.qa.Automation.File_Download_Popup -->
