<?xml version="1.0" encoding="UTF-8"?>
<!-- Generated by org.testng.reporters.JUnitReportReporter -->
<testsuite hostname="Mrunal" failures="0" tests="1" name="com.bridgelabz.qa.Automation.FB_Signup_Test" time="5.512" errors="0" timestamp="2023-01-23T19:28:24 IST" skipped="0">
  <testcase classname="com.bridgelabz.qa.Automation.FB_Signup_Test" name="signupFB" time="5.512"/>
  <system-out/>
</testsuite> <!-- com.bridgelabz.qa.Automation.FB_Signup_Test -->
