<?xml version="1.0" encoding="UTF-8"?>
<!-- Generated by org.testng.reporters.JUnitReportReporter -->
<testsuite hostname="Mrunal" failures="0" tests="1" name="com.bridgelabz.qa.Automation.Listbox_Operations_Test" time="3.459" errors="0" timestamp="2023-02-13T19:50:23 IST" skipped="0">
  <testcase classname="com.bridgelabz.qa.Automation.Listbox_Operations_Test" name="_printt_Ocuurance_Of_Poori" time="3.459"/>
  <system-out/>
</testsuite> <!-- com.bridgelabz.qa.Automation.Listbox_Operations_Test -->
