<?xml version="1.0" encoding="UTF-8"?>
<!-- Generated by org.testng.reporters.JUnitReportReporter -->
<testsuite hostname="Mrunal" failures="0" tests="1" name="com.bridgelabz.qa.Automation.Locators_Test" time="1.412" errors="0" timestamp="2023-01-21T12:53:18 IST" skipped="0">
  <testcase classname="com.bridgelabz.qa.Automation.Locators_Test" name="locator" time="1.412"/>
  <system-out/>
</testsuite> <!-- com.bridgelabz.qa.Automation.Locators_Test -->
