<?xml version="1.0" encoding="UTF-8"?>
<!-- Generated by org.testng.reporters.JUnitReportReporter -->
<testsuite hostname="Mrunal" failures="0" tests="1" name="com.bridgelabz.qa.Automation.Handling_Frames_Test" time="15.610" errors="0" timestamp="2023-02-04T10:46:26 IST" skipped="0">
  <testcase classname="com.bridgelabz.qa.Automation.Handling_Frames_Test" name="using_Address_Of_Frame" time="15.610"/>
  <system-out/>
</testsuite> <!-- com.bridgelabz.qa.Automation.Handling_Frames_Test -->
