<?xml version="1.0" encoding="UTF-8"?>
<!-- Generated by org.testng.reporters.JUnitReportReporter -->
<testsuite hostname="Mrunal" failures="0" tests="1" name="com.bridgelabz.qa.Automation.Capturing_Screenshot_test" time="5.241" errors="0" timestamp="2023-01-21T14:57:11 IST" skipped="0">
  <testcase classname="com.bridgelabz.qa.Automation.Capturing_Screenshot_test" name="screenshot" time="5.241"/>
  <system-out/>
</testsuite> <!-- com.bridgelabz.qa.Automation.Capturing_Screenshot_test -->
