<?xml version="1.0" encoding="UTF-8"?>
<!-- Generated by org.testng.reporters.JUnitReportReporter -->
<testsuite hostname="Mrunal" failures="0" tests="1" name="com.bridgelabz.qa.Automation.Link_Present_On_Actitime_Test" time="13.505" errors="0" timestamp="2023-02-13T15:17:48 IST" skipped="0">
  <testcase classname="com.bridgelabz.qa.Automation.Link_Present_On_Actitime_Test" name="link_Presents" time="13.505"/>
  <system-out/>
</testsuite> <!-- com.bridgelabz.qa.Automation.Link_Present_On_Actitime_Test -->
