<?xml version="1.0" encoding="UTF-8"?>
<!-- Generated by org.testng.reporters.JUnitReportReporter -->
<testsuite hostname="Mrunal" failures="0" tests="1" name="com.bridgelabz.qa.Automation.AutoSuggestion_Google_Search_Test" time="19.910" errors="0" timestamp="2023-02-13T19:08:36 IST" skipped="0">
  <testcase classname="com.bridgelabz.qa.Automation.AutoSuggestion_Google_Search_Test" name="autoSuggestion" time="19.910"/>
  <system-out/>
</testsuite> <!-- com.bridgelabz.qa.Automation.AutoSuggestion_Google_Search_Test -->
