<?xml version="1.0" encoding="UTF-8"?>
<!-- Generated by org.testng.reporters.JUnitReportReporter -->
<testsuite hostname="Mrunal" failures="0" tests="1" name="com.bridgelabz.qa.Automation.Popup_handling_Test" time="18.380" errors="0" timestamp="2023-02-04T12:22:19 IST" skipped="0">
  <testcase classname="com.bridgelabz.qa.Automation.Popup_handling_Test" name="child_Browser_Popup" time="18.380"/>
  <system-out/>
</testsuite> <!-- com.bridgelabz.qa.Automation.Popup_handling_Test -->
