<?xml version="1.0" encoding="UTF-8"?>
<!-- Generated by org.testng.reporters.JUnitReportReporter -->
<testsuite hostname="Mrunal" failures="0" tests="1" name="com.bridgelabz.qa.Automation.Robot_Class_Test" time="12.046" errors="0" timestamp="2023-01-30T14:14:11 IST" skipped="0">
  <testcase classname="com.bridgelabz.qa.Automation.Robot_Class_Test" name="mouse_and_Keyboard_Operation" time="12.046"/>
  <system-out/>
</testsuite> <!-- com.bridgelabz.qa.Automation.Robot_Class_Test -->
