<?xml version="1.0" encoding="UTF-8"?>
<!-- Generated by org.testng.reporters.JUnitReportReporter -->
<testsuite hostname="Mrunal" failures="0" tests="1" name="com.bridgelabz.qa.Automation.FB_Login_Test" time="9.551" errors="0" timestamp="2023-02-16T22:40:33 IST" skipped="0">
  <testcase classname="com.bridgelabz.qa.Automation.FB_Login_Test" name="loginFB" time="9.551"/>
  <system-out/>
</testsuite> <!-- com.bridgelabz.qa.Automation.FB_Login_Test -->
