<?xml version="1.0" encoding="UTF-8"?>
<!-- Generated by org.testng.reporters.JUnitReportReporter -->
<testsuite hostname="Mrunal" failures="0" tests="4" name="com.bridgelabz.qa.Automation.TestNg_Priority" time="14.607" errors="0" timestamp="2023-02-17T08:59:08 IST" skipped="0">
  <testcase classname="com.bridgelabz.qa.Automation.TestNg_Priority" name="open_Browser" time="6.972"/>
  <system-out/>
  <testcase classname="com.bridgelabz.qa.Automation.TestNg_Priority" name="login_Facebook" time="0.372"/>
  <system-out/>
  <testcase classname="com.bridgelabz.qa.Automation.TestNg_Priority" name="watch_Notifications" time="6.814"/>
  <system-out/>
  <testcase classname="com.bridgelabz.qa.Automation.TestNg_Priority" name="close_Browser" time="0.449"/>
  <system-out/>
</testsuite> <!-- com.bridgelabz.qa.Automation.TestNg_Priority -->
