<?xml version="1.0" encoding="UTF-8"?>
<!-- Generated by org.testng.reporters.JUnitReportReporter -->
<testsuite hostname="Mrunal" failures="0" tests="1" name="com.bridgelabz.qa.Automation.Validation_Test" time="7.085" errors="0" timestamp="2023-02-06T16:44:39 IST" skipped="0">
  <testcase classname="com.bridgelabz.qa.Automation.Validation_Test" name="email_entered_isnt_connected_to_an_account" time="7.085"/>
  <system-out/>
</testsuite> <!-- com.bridgelabz.qa.Automation.Validation_Test -->
