<?xml version="1.0" encoding="UTF-8"?>
<!-- Generated by org.testng.reporters.JUnitReportReporter -->
<testsuite hostname="Mrunal" failures="0" tests="1" name="com.bridgelabz.qa.Automation.Webelement_Method_test" time="2.114" errors="0" timestamp="2023-01-27T16:48:41 IST" skipped="0">
  <testcase classname="com.bridgelabz.qa.Automation.Webelement_Method_test" name="webelement_method" time="2.114"/>
  <system-out/>
</testsuite> <!-- com.bridgelabz.qa.Automation.Webelement_Method_test -->
