<?xml version="1.0" encoding="UTF-8"?>
<!-- Generated by org.testng.reporters.JUnitReportReporter -->
<testsuite hostname="Mrunal" failures="0" tests="1" name="com.bridgelabz.qa.Automation.ActiTime_Login_Test" time="19.114" errors="0" timestamp="2023-02-15T22:42:39 IST" skipped="0">
  <testcase classname="com.bridgelabz.qa.Automation.ActiTime_Login_Test" name="actitimelogin" time="19.114"/>
  <system-out/>
</testsuite> <!-- com.bridgelabz.qa.Automation.ActiTime_Login_Test -->
