<?xml version="1.0" encoding="UTF-8"?>
<!-- Generated by org.testng.reporters.JUnitReportReporter -->
<testsuite hostname="Mrunal" failures="0" tests="1" name="com.bridgelabz.qa.Automation.Launch_Browser_Test" time="6.053" errors="0" timestamp="2023-02-15T22:34:12 IST" skipped="0">
  <testcase classname="com.bridgelabz.qa.Automation.Launch_Browser_Test" name="launch_browser" time="6.053"/>
  <system-out/>
</testsuite> <!-- com.bridgelabz.qa.Automation.Launch_Browser_Test -->
