<?xml version="1.0" encoding="UTF-8"?>
<!-- Generated by org.testng.reporters.JUnitReportReporter -->
<testsuite hostname="Mrunal" failures="0" tests="1" name="com.bridgelabz.qa.Automation.TestNg_test" time="0.032" errors="0" timestamp="2023-02-14T16:48:05 IST" skipped="0">
  <testcase classname="com.bridgelabz.qa.Automation.TestNg_test" name="testCase1" time="0.032"/>
  <system-out/>
</testsuite> <!-- com.bridgelabz.qa.Automation.TestNg_test -->
