<?xml version="1.0" encoding="UTF-8"?>
<!-- Generated by org.testng.reporters.JUnitReportReporter -->
<testsuite hostname="Mrunal" failures="0" tests="1" name="com.bridgelabz.qa.Automation.Webelement_interface_Method_Test" time="4.536" errors="0" timestamp="2023-02-03T23:36:56 IST" skipped="0">
  <testcase classname="com.bridgelabz.qa.Automation.Webelement_interface_Method_Test" name="webelement_Click_Method" time="4.536"/>
  <system-out/>
</testsuite> <!-- com.bridgelabz.qa.Automation.Webelement_interface_Method_Test -->
