<?xml version="1.0" encoding="UTF-8"?>
<!-- Generated by org.testng.reporters.JUnitReportReporter -->
<testsuite hostname="Mrunal" failures="0" tests="1" name="com.bridgelabz.qa.Automation.Open_Browser_By_userInput_Test" time="1.869" errors="0" timestamp="2023-01-31T22:37:43 IST" skipped="0">
  <testcase classname="com.bridgelabz.qa.Automation.Open_Browser_By_userInput_Test" name="loginFB" time="1.869"/>
  <system-out/>
</testsuite> <!-- com.bridgelabz.qa.Automation.Open_Browser_By_userInput_Test -->
