<?xml version="1.0" encoding="UTF-8"?>
<!-- Generated by org.testng.reporters.JUnitReportReporter -->
<testsuite hostname="Mrunal" failures="0" tests="1" name="com.bridgelabz.qa.Automation.Launch_Browser" time="9.591" errors="0" timestamp="2023-01-17T21:52:36 IST" skipped="0">
  <testcase classname="com.bridgelabz.qa.Automation.Launch_Browser" name="browser_navigation" time="9.591"/>
  <system-out/>
</testsuite> <!-- com.bridgelabz.qa.Automation.Launch_Browser -->
